

times in msec
 clock   self+sourced   self:  sourced script
 clock   elapsed:              other lines

000.008  000.008: --- NVIM STARTING ---
000.248  000.239: event init
000.370  000.122: early init
000.441  000.071: locale set
000.498  000.056: init first window
000.745  000.248: inits 1
000.760  000.015: window checked
000.762  000.002: parsing arguments
001.394  000.037  000.037: require('vim.shared')
001.472  000.039  000.039: require('vim.inspect')
001.518  000.035  000.035: require('vim._options')
001.520  000.123  000.048: require('vim._editor')
001.522  000.214  000.055: require('vim._init_packages')
001.523  000.547: init lua interpreter
001.695  000.172: expanding arguments
001.725  000.030: inits 2
002.288  000.563: init highlight
002.291  000.003: waiting for UI
002.495  000.204: done waiting for UI
002.507  000.012: clear screen
002.557  000.005  000.005: require('vim.keymap')
003.557  001.044  001.038: require('vim._defaults')
003.560  000.009: init default mappings & autocommands
004.881  000.064  000.064: sourcing /usr/share/nvim/runtime/ftplugin.vim
005.071  000.034  000.034: sourcing /usr/share/nvim/runtime/indent.vim
006.670  001.149  001.149: require('lazy')
006.712  000.025  000.025: require('ffi')
007.046  000.293  000.293: require('vim.uri')
007.062  000.346  000.053: require('vim.loader')
007.165  000.057  000.057: require('vim.fs')
007.589  000.506  000.449: require('lazy.stats')
007.717  000.105  000.105: require('lazy.core.util')
007.867  000.147  000.147: require('lazy.core.config')
008.081  000.087  000.087: require('lazy.core.handler')
008.340  000.256  000.256: require('lazy.core.plugin')
008.348  000.478  000.135: require('lazy.core.loader')
008.905  000.097  000.097: require('lazy.core.handler.event')
008.909  000.179  000.082: require('lazy.core.handler.ft')
009.018  000.102  000.102: require('lazy.core.handler.cmd')
009.143  000.121  000.121: require('lazy.core.handler.keys')
009.686  000.273  000.273: sourcing /usr/share/nvim/runtime/filetype.lua
010.795  000.073  000.073: require('nvim-treesitter.utils')
012.257  000.204  000.204: require('vim.treesitter.language')
012.406  000.142  000.142: require('vim.func')
012.518  000.108  000.108: require('vim.func._memoize')
012.539  000.705  000.252: require('vim.treesitter.query')
012.693  000.152  000.152: require('vim.treesitter._range')
012.717  001.111  000.254: require('vim.treesitter.languagetree')
012.732  001.610  000.498: require('vim.treesitter')
013.384  002.585  000.976: require('nvim-treesitter.parsers')
013.667  000.058  000.058: require('nvim-treesitter.compat')
013.849  000.109  000.109: require('nvim-treesitter.ts_utils')
013.855  000.186  000.077: require('nvim-treesitter.tsrange')
013.923  000.066  000.066: require('nvim-treesitter.caching')
013.932  000.399  000.089: require('nvim-treesitter.query')
013.947  000.484  000.085: require('nvim-treesitter.configs')
013.950  000.562  000.078: require('nvim-treesitter.info')
014.092  000.141  000.141: require('nvim-treesitter.shell_command_selectors')
014.121  003.510  000.148: require('nvim-treesitter.install')
014.197  000.074  000.074: require('nvim-treesitter.statusline')
014.273  000.073  000.073: require('nvim-treesitter.query_predicates')
014.279  004.240  000.583: require('nvim-treesitter')
014.607  004.652  000.412: sourcing /home/zatthew/.local/share/nvim/lazy/nvim-treesitter/plugin/nvim-treesitter.lua
016.190  001.345  001.345: sourcing /home/zatthew/.local/share/nvim/lazy/vim-fugitive/plugin/fugitive.vim
016.289  000.014  000.014: sourcing /home/zatthew/.local/share/nvim/lazy/vim-fugitive/ftdetect/fugitive.vim
016.535  000.034  000.034: sourcing /home/zatthew/.local/share/nvim/lazy/nvim-web-devicons/plugin/nvim-web-devicons.vim
017.829  000.035  000.035: sourcing /home/zatthew/.local/share/nvim/lazy/plenary.nvim/plugin/plenary.vim
018.156  000.227  000.227: sourcing /home/zatthew/.local/share/nvim/lazy/telescope.nvim/plugin/telescope.lua
018.678  000.064  000.064: require('nvim-treesitter-playground')
018.761  000.274  000.209: sourcing /home/zatthew/.local/share/nvim/lazy/playground/plugin/nvim-treesitter-playground.lua
020.742  000.245  000.245: require('vim.lsp.log')
021.230  000.484  000.484: require('vim.lsp.protocol')
021.770  000.218  000.218: require('vim.lsp._snippet_grammar')
021.853  000.080  000.080: require('vim.highlight')
021.862  000.005  000.005: require('vim.F')
021.875  000.641  000.338: require('vim.lsp.util')
021.888  001.612  000.242: require('vim.lsp.handlers')
021.981  000.092  000.092: require('vim.lsp.rpc')
022.097  000.047  000.047: require('vim.lsp.sync')
022.102  000.118  000.071: require('vim.lsp._changetracking')
022.174  000.071  000.071: require('vim.lsp.semantic_tokens')
022.254  000.077  000.077: require('vim.lsp.buf')
022.320  000.063  000.063: require('vim.lsp.diagnostic')
022.386  000.064  000.064: require('vim.lsp.codelens')
022.450  000.062  000.062: require('vim.lsp.inlay_hint')
022.494  002.489  000.331: require('vim.lsp')
022.531  002.604  000.115: sourcing /home/zatthew/.local/share/nvim/lazy/nvim-lspconfig/plugin/lspconfig.lua
022.996  000.057  000.057: require('cmp.utils.api')
023.089  000.042  000.042: require('cmp.types.cmp')
023.188  000.048  000.048: require('cmp.utils.misc')
023.201  000.110  000.062: require('cmp.types.lsp')
023.246  000.043  000.043: require('cmp.types.vim')
023.248  000.249  000.054: require('cmp.types')
023.292  000.043  000.043: require('cmp.utils.highlight')
023.377  000.040  000.040: require('cmp.utils.debug')
023.383  000.089  000.049: require('cmp.utils.autocmd')
023.689  000.802  000.365: sourcing /home/zatthew/.local/share/nvim/lazy/nvim-cmp/plugin/cmp.lua
025.492  001.111  001.111: require('vim.filetype')
025.929  000.069  000.069: require('luasnip.util.types')
025.935  000.173  000.104: require('luasnip.util.ext_opts')
026.211  000.077  000.077: require('luasnip.util.lazy_table')
026.298  000.083  000.083: require('luasnip.extras.filetype_functions')
026.320  000.309  000.148: require('luasnip.default_config')
026.322  000.385  000.077: require('luasnip.session')
026.325  000.680  000.121: require('luasnip.config')
026.676  000.182  000.182: require('luasnip.util.util')
027.125  000.222  000.222: require('luasnip.nodes.key_indexer')
027.137  000.458  000.236: require('luasnip.nodes.util')
027.440  000.155  000.155: require('luasnip.session.snippet_collection.source')
027.508  000.064  000.064: require('luasnip.util.table')
027.580  000.070  000.070: require('luasnip.util.auto_table')
027.590  000.451  000.162: require('luasnip.session.snippet_collection')
027.788  000.053  000.053: require('luasnip.util.select')
027.835  000.044  000.044: require('luasnip.util.time')
028.098  000.447  000.350: require('luasnip.util._builtin_vars')
028.128  000.537  000.090: require('luasnip.util.environ')
028.188  000.058  000.058: require('luasnip.util.extend_decorator')
028.318  000.072  000.072: require('luasnip.util.path')
028.444  000.068  000.068: require('luasnip.util.log')
028.450  000.129  000.061: require('luasnip.loaders.util')
028.508  000.056  000.056: require('luasnip.loaders.data')
028.595  000.085  000.085: require('luasnip.loaders.fs_watchers')
028.600  000.409  000.067: require('luasnip.loaders')
028.617  002.286  000.191: require('luasnip')
028.641  004.320  000.243: sourcing /home/zatthew/.local/share/nvim/lazy/LuaSnip/plugin/luasnip.lua
028.743  000.033  000.033: sourcing /home/zatthew/.local/share/nvim/lazy/LuaSnip/plugin/luasnip.vim
029.140  000.187  000.187: require('vim.diagnostic')
029.157  000.291  000.104: require('lsp-zero.setup')
029.159  000.336  000.045: sourcing /home/zatthew/.local/share/nvim/lazy/lsp-zero.nvim/plugin/lsp-zero.lua
029.550  000.015  000.015: sourcing /home/zatthew/.local/share/nvim/lazy/which-key.nvim/plugin/which-key.vim
030.513  000.242  000.242: sourcing /home/zatthew/.local/share/nvim/lazy/undotree/plugin/undotree.vim
030.959  000.059  000.059: sourcing /usr/share/nvim/runtime/plugin/editorconfig.lua
031.179  000.188  000.188: sourcing /usr/share/nvim/runtime/plugin/gzip.vim
031.275  000.060  000.060: sourcing /usr/share/nvim/runtime/plugin/man.lua
033.942  000.245  000.245: sourcing /usr/share/nvim/runtime/pack/dist/opt/matchit/plugin/matchit.vim
034.683  003.366  003.120: sourcing /usr/share/nvim/runtime/plugin/matchit.vim
035.122  000.385  000.385: sourcing /usr/share/nvim/runtime/plugin/matchparen.vim
035.572  000.405  000.405: sourcing /usr/share/nvim/runtime/plugin/netrwPlugin.vim
035.747  000.102  000.102: sourcing /usr/share/nvim/runtime/plugin/nvim.lua
035.984  000.112  000.112: require('vim.iter')
036.015  000.219  000.107: sourcing /usr/share/nvim/runtime/plugin/osc52.lua
036.268  000.011  000.011: sourcing /home/zatthew/.local/share/nvim/rplugin.vim
036.278  000.217  000.206: sourcing /usr/share/nvim/runtime/plugin/rplugin.vim
036.439  000.121  000.121: sourcing /usr/share/nvim/runtime/plugin/shada.vim
036.532  000.026  000.026: sourcing /usr/share/nvim/runtime/plugin/spellfile.vim
036.730  000.154  000.154: sourcing /usr/share/nvim/runtime/plugin/tarPlugin.vim
036.936  000.106  000.106: sourcing /usr/share/nvim/runtime/plugin/tohtml.vim
037.006  000.026  000.026: sourcing /usr/share/nvim/runtime/plugin/tutor.vim
037.220  000.172  000.172: sourcing /usr/share/nvim/runtime/plugin/zipPlugin.vim
037.786  000.072  000.072: require('cmp_nvim_lsp.source')
037.793  000.160  000.088: require('cmp_nvim_lsp')
037.898  000.336  000.176: sourcing /home/zatthew/.local/share/nvim/lazy/cmp-nvim-lsp/after/plugin/cmp_nvim_lsp.lua
038.146  000.095  000.095: sourcing /home/zatthew/.config/nvim/after/plugin/fugitive.lua
040.386  000.735  000.735: sourcing /home/zatthew/.local/share/nvim/lazy/gruvbox-material/autoload/gruvbox_material.vim
052.551  013.031  012.297: sourcing /home/zatthew/.local/share/nvim/lazy/gruvbox-material/colors/gruvbox-material.vim
052.821  014.635  001.603: sourcing /home/zatthew/.config/nvim/after/plugin/gruvbox-material.lua
053.405  000.074  000.074: require('plenary.bit')
053.492  000.083  000.083: require('plenary.functional')
053.525  000.346  000.189: require('plenary.path')
053.715  000.122  000.122: require('plenary.job')
053.720  000.192  000.070: require('harpoon.utils')
053.894  000.107  000.107: require('plenary.log')
053.917  000.196  000.088: require('harpoon.dev')
054.220  001.123  000.389: require('harpoon')
054.228  001.262  000.139: require('harpoon.mark')
054.632  000.079  000.079: require('plenary.strings')
054.636  000.157  000.078: require('plenary.window.border')
054.699  000.061  000.061: require('plenary.window')
054.752  000.051  000.051: require('plenary.popup.utils')
054.760  000.387  000.119: require('plenary.popup')
054.764  000.535  000.148: require('harpoon.ui')
054.790  001.901  000.104: sourcing /home/zatthew/.config/nvim/after/plugin/harpoon.lua
055.166  000.201  000.201: require('lsp-zero.server')
055.522  000.248  000.248: require('lspconfig.util')
055.641  000.116  000.116: require('lspconfig.async')
055.645  000.475  000.111: require('lspconfig.configs')
055.845  000.105  000.105: require('lsp-zero.cmp')
056.439  000.107  000.107: require('cmp.utils.char')
056.453  000.237  000.129: require('cmp.utils.str')
056.689  000.072  000.072: require('cmp.utils.buffer')
056.696  000.173  000.101: require('cmp.utils.keymap')
056.703  000.249  000.076: require('cmp.utils.feedkeys')
057.070  000.127  000.127: require('cmp.config.mapping')
057.151  000.077  000.077: require('cmp.utils.cache')
057.332  000.100  000.100: require('cmp.config.compare')
057.335  000.180  000.080: require('cmp.config.default')
057.371  000.549  000.166: require('cmp.config')
057.385  000.680  000.131: require('cmp.utils.async')
057.527  000.066  000.066: require('cmp.utils.pattern')
057.532  000.145  000.079: require('cmp.context')
057.989  000.208  000.208: require('cmp.matcher')
058.022  000.389  000.181: require('cmp.entry')
058.031  000.498  000.109: require('cmp.source')
058.313  000.150  000.150: require('cmp.utils.event')
059.160  000.207  000.207: require('cmp.utils.options')
059.166  000.732  000.525: require('cmp.utils.window')
059.179  000.863  000.131: require('cmp.view.docs_view')
059.441  000.261  000.261: require('cmp.view.custom_entries_view')
059.579  000.135  000.135: require('cmp.view.wildmenu_entries_view')
059.686  000.062  000.062: require('cmp.view.native_entries_view')
059.761  000.072  000.072: require('cmp.view.ghost_text_view')
059.770  001.738  000.196: require('cmp.view')
059.910  003.898  000.351: require('cmp.core')
060.148  000.062  000.062: require('cmp.config.sources')
060.199  000.047  000.047: require('cmp.config.window')
060.262  004.414  000.407: require('cmp')
060.774  000.074  000.074: require('lsp-zero.api')
060.780  005.890  000.621: require('lsp-zero')
060.881  000.051  000.051: require('mason-core.path')
061.025  000.081  000.081: require('mason-core.functional')
061.137  000.045  000.045: require('mason-core.functional.data')
061.143  000.105  000.060: require('mason-core.functional.function')
061.209  000.050  000.050: require('mason-core.functional.relation')
061.263  000.047  000.047: require('mason-core.functional.logic')
061.273  000.390  000.107: require('mason-core.platform')
061.334  000.060  000.060: require('mason.settings')
061.337  000.555  000.055: require('mason')
061.542  000.067  000.067: require('mason-core.functional.list')
061.599  000.052  000.052: require('mason-core.functional.string')
061.627  000.238  000.119: require('mason.api.command')
061.723  000.090  000.090: require('mason-registry.sources')
061.933  000.105  000.105: require('mason-core.log')
061.984  000.048  000.048: require('mason-lspconfig.settings')
061.988  000.255  000.103: require('mason-lspconfig')
062.096  000.046  000.046: require('mason-lspconfig.notify')
062.100  000.105  000.060: require('mason-lspconfig.lspconfig_hook')
062.220  000.047  000.047: require('mason-core.functional.table')
062.237  000.135  000.087: require('mason-lspconfig.mappings.server')
062.333  000.043  000.043: require('mason-core.EventEmitter')
062.411  000.076  000.076: require('mason-core.optional')
062.524  000.058  000.058: require('mason-core.async')
062.568  000.041  000.041: require('mason-core.async.uv')
062.574  000.159  000.059: require('mason-core.fs')
062.591  000.353  000.075: require('mason-registry')
062.640  000.047  000.047: require('mason-lspconfig.server_config_extensions')
062.698  000.056  000.056: require('lspconfig.server_configurations.omnisharp')
062.760  000.046  000.046: require('mason-lspconfig.ensure_installed')
062.875  000.048  000.048: require('mason-core.result')
063.100  000.099  000.099: require('mason-core.process')
063.206  000.103  000.103: require('mason-core.spawn')
063.210  000.267  000.064: require('mason-core.managers.powershell')
063.278  000.066  000.066: require('mason.version')
063.281  000.404  000.071: require('mason-core.fetch')
063.360  000.077  000.077: require('mason-core.providers')
063.575  000.097  000.097: require('mason-core.purl')
063.586  000.172  000.075: require('mason-core.package')
063.770  000.057  000.057: require('mason-core.installer.registry.expr')
063.779  000.125  000.068: require('mason-core.installer.registry.link')
064.168  000.065  000.065: require('mason-core.receipt')
064.191  000.182  000.117: require('mason-core.installer.context')
064.262  000.070  000.070: require('mason-core.async.control')
064.382  000.117  000.117: require('mason-core.installer.linker')
064.391  000.505  000.136: require('mason-core.installer')
064.409  000.580  000.076: require('mason-core.installer.managers.std')
064.412  000.631  000.051: require('mason-core.installer.registry.schemas')
064.479  000.066  000.066: require('mason-core.installer.registry.util')
064.492  000.904  000.082: require('mason-core.installer.registry')
064.495  001.132  000.055: require('mason-registry.sources.util')
064.506  001.734  000.074: require('mason-registry.sources.github')
068.850  000.078  000.078: require('mason-core.functional.number')
068.885  000.219  000.141: require('mason-lspconfig.api.command')
069.108  000.108  000.108: require('lspconfig')
069.213  000.099  000.099: require('lspconfig.server_configurations.hls')
070.545  000.090  000.090: require('lspconfig.manager')
070.618  000.063  000.063: require('lspconfig.server_configurations.tsserver')
070.988  000.133  000.133: require('lspconfig.server_configurations.jdtls')
071.350  000.092  000.092: require('lspconfig.server_configurations.pyright')
071.621  000.064  000.064: require('lspconfig.server_configurations.jsonls')
071.904  000.101  000.101: require('lspconfig.server_configurations.eslint')
072.858  018.021  007.546: sourcing /home/zatthew/.config/nvim/after/plugin/lsp.lua
073.402  000.165  000.165: require('lualine_require')
073.766  000.753  000.588: require('lualine')
078.694  005.744  004.991: sourcing /home/zatthew/.config/nvim/after/plugin/lualine.lua
079.154  000.327  000.327: require('oil')
079.373  000.211  000.211: require('oil.config')
080.493  000.127  000.127: require('oil.constants')
080.506  000.288  000.161: require('oil.util')
080.510  001.743  000.917: sourcing /home/zatthew/.config/nvim/after/plugin/oil.lua
081.229  000.461  000.461: require('telescope.builtin')
081.280  000.717  000.256: sourcing /home/zatthew/.config/nvim/after/plugin/telescope.lua
137.916  000.446  000.446: require('nvim-treesitter.highlight')
138.224  056.887  056.441: sourcing /home/zatthew/.config/nvim/after/plugin/treesitter.lua
139.428  001.008  001.008: sourcing /home/zatthew/.config/nvim/after/plugin/undotree.lua
140.317  000.133  000.133: require('which-key.util')
140.338  000.254  000.121: require('which-key.tree')
140.580  000.239  000.239: require('which-key.config')
140.591  000.702  000.209: require('which-key.keys')
140.600  000.860  000.158: require('which-key')
140.698  001.096  000.235: sourcing /home/zatthew/.config/nvim/after/plugin/which-key.lua
140.874  135.569  009.416: require('zatt.lazy')
141.241  000.363  000.363: require('zatt.remap')
141.746  000.501  000.501: require('zatt.set')
141.753  136.501  000.068: require('zatt')
141.756  136.536  000.035: sourcing /home/zatthew/.config/nvim/init.lua
141.774  001.580: sourcing vimrc file(s)
142.189  000.098  000.098: sourcing /usr/share/nvim/runtime/filetype.lua
142.810  000.164  000.164: sourcing /usr/share/nvim/runtime/syntax/synload.vim
143.020  000.718  000.553: sourcing /usr/share/nvim/runtime/syntax/syntax.vim
143.035  000.445: inits 3
146.053  003.018: reading ShaDa
146.492  000.093  000.093: require('luasnip.util.directed_graph')
146.553  000.058  000.058: require('luasnip.session.enqueueable_operations')
146.559  000.349  000.198: require('luasnip.loaders.from_lua')
147.142  000.051  000.051: require('luasnip.util.events')
147.154  000.156  000.105: require('luasnip.nodes.node')
147.278  000.122  000.122: require('luasnip.nodes.insertNode')
147.385  000.104  000.104: require('luasnip.nodes.textNode')
147.460  000.071  000.071: require('luasnip.util.mark')
147.523  000.060  000.060: require('luasnip.util.pattern_tokenizer')
147.578  000.052  000.052: require('luasnip.util.dict')
147.951  000.318  000.318: require('luasnip.util.jsregexp')
147.959  000.378  000.060: require('luasnip.nodes.util.trig_engines')
147.993  001.172  000.228: require('luasnip.nodes.snippet')
147.996  001.254  000.083: require('luasnip.nodes.duplicate')
147.998  001.332  000.077: require('luasnip.loaders.snippet_cache')
148.005  001.442  000.111: require('luasnip.loaders.from_snipmate')
148.287  000.173  000.173: require('luasnip.util.jsonc')
148.296  000.288  000.115: require('luasnip.loaders.from_vscode')
148.646  000.514: opening buffers
148.740  000.094: BufEnter autocommands
148.744  000.004: editing files in windows
148.843  000.074  000.074: require('which-key.plugins')
148.928  000.081  000.081: require('which-key.plugins.presets')
149.002  000.071  000.071: require('which-key.plugins.presets.misc')
149.061  000.051  000.051: require('which-key.plugins.spelling')
149.130  000.065  000.065: require('which-key.mappings')
149.232  000.058  000.058: require('which-key.plugins.registers')
149.420  000.068  000.068: require('which-key.plugins.marks')
149.678  000.064  000.064: require('which-key.colors')
155.637  006.361: VimEnter autocommands
155.710  000.073: UIEnter autocommands
155.713  000.003: before starting main loop
157.399  001.687: first screen update
157.435  000.036: --- NVIM STARTED ---


times in msec
 clock   self+sourced   self:  sourced script
 clock   elapsed:              other lines

000.020  000.020: --- NVIM STARTING ---
000.396  000.376: event init
000.510  000.114: early init
000.586  000.075: locale set
000.655  000.069: init first window
000.952  000.297: inits 1
000.961  000.009: window checked
000.963  000.003: parsing arguments
001.563  000.041  000.041: require('vim.shared')
001.663  000.038  000.038: require('vim.inspect')
001.710  000.034  000.034: require('vim._options')
001.712  000.145  000.073: require('vim._editor')
001.713  000.236  000.050: require('vim._init_packages')
001.715  000.515: init lua interpreter
003.067  001.353: expanding arguments
003.103  000.036: inits 2
003.452  000.349: init highlight


times in msec
 clock   self+sourced   self:  sourced script
 clock   elapsed:              other lines

000.008  000.008: --- NVIM STARTING ---
000.328  000.320: event init
000.426  000.098: early init
000.495  000.069: locale set
000.551  000.056: init first window
000.790  000.239: inits 1
000.804  000.014: window checked
000.862  000.058: parsing arguments
001.506  000.035  000.035: require('vim.shared')
001.580  000.036  000.036: require('vim.inspect')
001.628  000.036  000.036: require('vim._options')
001.629  000.120  000.048: require('vim._editor')
001.631  000.203  000.048: require('vim._init_packages')
001.632  000.568: init lua interpreter
001.801  000.168: expanding arguments
001.831  000.031: inits 2
003.388  001.557: init highlight
003.392  000.004: waiting for UI
003.607  000.214: done waiting for UI
003.618  000.012: clear screen
003.683  000.006  000.006: require('vim.keymap')
004.027  000.400  000.394: require('vim._defaults')
004.030  000.011: init default mappings & autocommands
005.219  000.056  000.056: sourcing /usr/share/nvim/runtime/ftplugin.vim
005.629  000.040  000.040: sourcing /usr/share/nvim/runtime/indent.vim
007.331  001.338  001.338: require('lazy')
007.371  000.024  000.024: require('ffi')
007.685  000.276  000.276: require('vim.uri')
007.700  000.326  000.050: require('vim.loader')
007.768  000.024  000.024: require('vim.fs')
008.150  000.430  000.407: require('lazy.stats')
008.271  000.098  000.098: require('lazy.core.util')
008.415  000.141  000.141: require('lazy.core.config')
008.623  000.079  000.079: require('lazy.core.handler')
008.826  000.201  000.201: require('lazy.core.plugin')
008.833  000.415  000.135: require('lazy.core.loader')
009.358  000.089  000.089: require('lazy.core.handler.event')
009.363  000.165  000.076: require('lazy.core.handler.ft')
009.466  000.099  000.099: require('lazy.core.handler.cmd')
009.558  000.088  000.088: require('lazy.core.handler.keys')
010.044  000.305  000.305: sourcing /usr/share/nvim/runtime/filetype.lua
011.458  000.107  000.107: require('nvim-treesitter.utils')
012.630  000.162  000.162: require('vim.treesitter.language')
012.761  000.125  000.125: require('vim.func')
012.893  000.128  000.128: require('vim.func._memoize')
012.914  000.601  000.186: require('vim.treesitter.query')
013.051  000.135  000.135: require('vim.treesitter._range')
013.073  000.936  000.199: require('vim.treesitter.languagetree')
013.089  001.396  000.460: require('vim.treesitter')
013.660  002.198  000.803: require('nvim-treesitter.parsers')
014.085  000.055  000.055: require('nvim-treesitter.compat')
014.244  000.094  000.094: require('nvim-treesitter.ts_utils')
014.249  000.160  000.066: require('nvim-treesitter.tsrange')
014.305  000.054  000.054: require('nvim-treesitter.caching')
014.324  000.400  000.132: require('nvim-treesitter.query')
014.338  000.581  000.181: require('nvim-treesitter.configs')
014.340  000.675  000.094: require('nvim-treesitter.info')
014.428  000.086  000.086: require('nvim-treesitter.shell_command_selectors')
014.450  003.210  000.144: require('nvim-treesitter.install')
014.509  000.057  000.057: require('nvim-treesitter.statusline')
014.595  000.084  000.084: require('nvim-treesitter.query_predicates')
014.599  003.964  000.612: require('nvim-treesitter')
015.189  004.628  000.665: sourcing /home/zatthew/.local/share/nvim/lazy/nvim-treesitter/plugin/nvim-treesitter.lua
016.728  001.266  001.266: sourcing /home/zatthew/.local/share/nvim/lazy/vim-fugitive/plugin/fugitive.vim
016.865  000.015  000.015: sourcing /home/zatthew/.local/share/nvim/lazy/vim-fugitive/ftdetect/fugitive.vim
017.148  000.034  000.034: sourcing /home/zatthew/.local/share/nvim/lazy/nvim-web-devicons/plugin/nvim-web-devicons.vim
018.353  000.033  000.033: sourcing /home/zatthew/.local/share/nvim/lazy/plenary.nvim/plugin/plenary.vim
018.632  000.209  000.209: sourcing /home/zatthew/.local/share/nvim/lazy/telescope.nvim/plugin/telescope.lua
019.444  000.062  000.062: require('nvim-treesitter-playground')
019.511  000.261  000.199: sourcing /home/zatthew/.local/share/nvim/lazy/playground/plugin/nvim-treesitter-playground.lua
021.990  000.498  000.498: require('vim.lsp.log')
022.841  000.840  000.840: require('vim.lsp.protocol')
024.486  000.515  000.515: require('vim.lsp._snippet_grammar')
024.593  000.095  000.095: require('vim.highlight')
024.602  000.006  000.006: require('vim.F')
024.618  001.765  001.149: require('vim.lsp.util')
024.638  003.522  000.419: require('vim.lsp.handlers')
024.744  000.104  000.104: require('vim.lsp.rpc')
025.075  000.233  000.233: require('vim.lsp.sync')
025.083  000.336  000.103: require('vim.lsp._changetracking')
025.205  000.120  000.120: require('vim.lsp.semantic_tokens')
025.305  000.096  000.096: require('vim.lsp.buf')
025.383  000.075  000.075: require('vim.lsp.diagnostic')
025.461  000.076  000.076: require('vim.lsp.codelens')
025.530  000.066  000.066: require('vim.lsp.inlay_hint')
025.565  004.876  000.481: require('vim.lsp')
025.625  005.032  000.157: sourcing /home/zatthew/.local/share/nvim/lazy/nvim-lspconfig/plugin/lspconfig.lua
026.602  000.544  000.544: require('cmp.utils.api')
026.723  000.047  000.047: require('cmp.types.cmp')
026.882  000.073  000.073: require('cmp.utils.misc')
026.897  000.172  000.099: require('cmp.types.lsp')
026.983  000.084  000.084: require('cmp.types.vim')
026.986  000.379  000.077: require('cmp.types')
027.035  000.048  000.048: require('cmp.utils.highlight')
027.169  000.049  000.049: require('cmp.utils.debug')
027.186  000.149  000.100: require('cmp.utils.autocmd')
027.625  001.623  000.503: sourcing /home/zatthew/.local/share/nvim/lazy/nvim-cmp/plugin/cmp.lua
030.078  001.526  001.526: require('vim.filetype')
031.722  000.092  000.092: require('luasnip.util.types')
031.731  000.276  000.184: require('luasnip.util.ext_opts')
032.088  000.133  000.133: require('luasnip.util.lazy_table')
032.185  000.093  000.093: require('luasnip.extras.filetype_functions')
032.211  000.385  000.159: require('luasnip.default_config')
032.214  000.480  000.095: require('luasnip.session')
032.218  000.965  000.209: require('luasnip.config')
032.664  000.255  000.255: require('luasnip.util.util')
033.161  000.248  000.248: require('luasnip.nodes.key_indexer')
033.170  000.503  000.255: require('luasnip.nodes.util')
033.483  000.154  000.154: require('luasnip.session.snippet_collection.source')
033.548  000.063  000.063: require('luasnip.util.table')
033.621  000.070  000.070: require('luasnip.util.auto_table')
033.627  000.455  000.169: require('luasnip.session.snippet_collection')
033.780  000.049  000.049: require('luasnip.util.select')
033.826  000.043  000.043: require('luasnip.util.time')
034.136  000.459  000.366: require('luasnip.util._builtin_vars')
034.185  000.556  000.097: require('luasnip.util.environ')
034.248  000.061  000.061: require('luasnip.util.extend_decorator')
034.392  000.085  000.085: require('luasnip.util.path')
034.624  000.092  000.092: require('luasnip.util.log')
034.631  000.236  000.145: require('luasnip.loaders.util')
034.682  000.049  000.049: require('luasnip.loaders.data')
034.776  000.092  000.092: require('luasnip.loaders.fs_watchers')
034.780  000.530  000.067: require('luasnip.loaders')
034.798  002.567  000.208: require('luasnip')
034.824  006.380  001.321: sourcing /home/zatthew/.local/share/nvim/lazy/LuaSnip/plugin/luasnip.lua
034.917  000.036  000.036: sourcing /home/zatthew/.local/share/nvim/lazy/LuaSnip/plugin/luasnip.vim
035.336  000.193  000.193: require('vim.diagnostic')
035.354  000.304  000.111: require('lsp-zero.setup')
035.356  000.350  000.046: sourcing /home/zatthew/.local/share/nvim/lazy/lsp-zero.nvim/plugin/lsp-zero.lua
036.072  000.017  000.017: sourcing /home/zatthew/.local/share/nvim/lazy/which-key.nvim/plugin/which-key.vim
037.168  000.241  000.241: sourcing /home/zatthew/.local/share/nvim/lazy/undotree/plugin/undotree.vim
037.357  000.058  000.058: sourcing /usr/share/nvim/runtime/plugin/editorconfig.lua
037.599  000.187  000.187: sourcing /usr/share/nvim/runtime/plugin/gzip.vim
037.697  000.059  000.059: sourcing /usr/share/nvim/runtime/plugin/man.lua
038.798  000.418  000.418: sourcing /usr/share/nvim/runtime/pack/dist/opt/matchit/plugin/matchit.vim
038.858  001.122  000.704: sourcing /usr/share/nvim/runtime/plugin/matchit.vim
039.066  000.171  000.171: sourcing /usr/share/nvim/runtime/plugin/matchparen.vim
039.526  000.420  000.420: sourcing /usr/share/nvim/runtime/plugin/netrwPlugin.vim
039.661  000.080  000.080: sourcing /usr/share/nvim/runtime/plugin/nvim.lua
039.837  000.078  000.078: require('vim.iter')
039.856  000.149  000.072: sourcing /usr/share/nvim/runtime/plugin/osc52.lua
040.073  000.011  000.011: sourcing /home/zatthew/.local/share/nvim/rplugin.vim
040.083  000.185  000.174: sourcing /usr/share/nvim/runtime/plugin/rplugin.vim
040.183  000.067  000.067: sourcing /usr/share/nvim/runtime/plugin/shada.vim
040.255  000.024  000.024: sourcing /usr/share/nvim/runtime/plugin/spellfile.vim
040.427  000.134  000.134: sourcing /usr/share/nvim/runtime/plugin/tarPlugin.vim
040.578  000.094  000.094: sourcing /usr/share/nvim/runtime/plugin/tohtml.vim
040.661  000.025  000.025: sourcing /usr/share/nvim/runtime/plugin/tutor.vim
040.888  000.164  000.164: sourcing /usr/share/nvim/runtime/plugin/zipPlugin.vim
041.397  000.243  000.243: require('cmp_nvim_lsp.source')
041.403  000.309  000.066: require('cmp_nvim_lsp')
041.419  000.389  000.079: sourcing /home/zatthew/.local/share/nvim/lazy/cmp-nvim-lsp/after/plugin/cmp_nvim_lsp.lua
041.573  000.052  000.052: sourcing /home/zatthew/.config/nvim/after/plugin/fugitive.lua
043.185  000.130  000.130: sourcing /home/zatthew/.local/share/nvim/lazy/gruvbox-material/autoload/gruvbox_material.vim
056.917  013.970  013.840: sourcing /home/zatthew/.local/share/nvim/lazy/gruvbox-material/colors/gruvbox-material.vim
057.215  015.606  001.635: sourcing /home/zatthew/.config/nvim/after/plugin/gruvbox-material.lua
057.806  000.075  000.075: require('plenary.bit')
057.868  000.058  000.058: require('plenary.functional')
057.899  000.324  000.190: require('plenary.path')
058.542  000.529  000.529: require('plenary.job')
058.556  000.655  000.126: require('harpoon.utils')
058.844  000.129  000.129: require('plenary.log')
058.939  000.380  000.251: require('harpoon.dev')
059.214  001.739  000.381: require('harpoon')
059.229  001.847  000.107: require('harpoon.mark')
059.641  000.087  000.087: require('plenary.strings')
059.646  000.164  000.077: require('plenary.window.border')
059.708  000.061  000.061: require('plenary.window')
059.762  000.052  000.052: require('plenary.popup.utils')
059.766  000.399  000.123: require('plenary.popup')
059.772  000.541  000.142: require('harpoon.ui')
059.801  002.507  000.119: sourcing /home/zatthew/.config/nvim/after/plugin/harpoon.lua
060.225  000.170  000.170: require('lsp-zero.server')
060.631  000.278  000.278: require('lspconfig.util')
060.721  000.086  000.086: require('lspconfig.async')
060.724  000.496  000.131: require('lspconfig.configs')
060.976  000.139  000.139: require('lsp-zero.cmp')
061.543  000.119  000.119: require('cmp.utils.char')
061.552  000.243  000.123: require('cmp.utils.str')
061.797  000.080  000.080: require('cmp.utils.buffer')
061.804  000.178  000.098: require('cmp.utils.keymap')
061.808  000.254  000.077: require('cmp.utils.feedkeys')
062.147  000.108  000.108: require('cmp.config.mapping')
062.215  000.065  000.065: require('cmp.utils.cache')
062.403  000.114  000.114: require('cmp.config.compare')
062.406  000.187  000.074: require('cmp.config.default')
062.430  000.486  000.126: require('cmp.config')
062.443  000.633  000.146: require('cmp.utils.async')
062.585  000.068  000.068: require('cmp.utils.pattern')
062.590  000.146  000.077: require('cmp.context')
063.411  000.539  000.539: require('cmp.matcher')
063.440  000.739  000.200: require('cmp.entry')
063.450  000.859  000.120: require('cmp.source')
063.742  000.160  000.160: require('cmp.utils.event')
064.269  000.184  000.184: require('cmp.utils.options')
064.275  000.390  000.207: require('cmp.utils.window')
064.279  000.533  000.143: require('cmp.view.docs_view')
064.495  000.215  000.215: require('cmp.view.custom_entries_view')
064.565  000.067  000.067: require('cmp.view.wildmenu_entries_view')
064.660  000.062  000.062: require('cmp.view.native_entries_view')
064.731  000.070  000.070: require('cmp.view.ghost_text_view')
064.760  001.308  000.202: require('cmp.view')
064.903  003.774  000.332: require('cmp.core')
065.059  000.060  000.060: require('cmp.config.sources')
065.109  000.047  000.047: require('cmp.config.window')
065.156  004.175  000.295: require('cmp')
065.744  000.091  000.091: require('lsp-zero.api')
065.749  005.785  000.715: require('lsp-zero')
065.882  000.071  000.071: require('mason-core.path')
066.040  000.091  000.091: require('mason-core.functional')
066.534  000.073  000.073: require('mason-core.functional.data')
066.542  000.487  000.413: require('mason-core.functional.function')
066.616  000.054  000.054: require('mason-core.functional.relation')
066.674  000.050  000.050: require('mason-core.functional.logic')
066.685  000.800  000.118: require('mason-core.platform')
066.785  000.098  000.098: require('mason.settings')
066.790  001.038  000.069: require('mason')
066.974  000.063  000.063: require('mason-core.functional.list')
067.032  000.053  000.053: require('mason-core.functional.string')
067.066  000.242  000.125: require('mason.api.command')
067.137  000.064  000.064: require('mason-registry.sources')
067.280  000.074  000.074: require('mason-core.log')
067.330  000.048  000.048: require('mason-lspconfig.settings')
067.334  000.187  000.066: require('mason-lspconfig')
067.437  000.044  000.044: require('mason-lspconfig.notify')
067.442  000.101  000.057: require('mason-lspconfig.lspconfig_hook')
067.597  000.051  000.051: require('mason-core.functional.table')
067.614  000.170  000.119: require('mason-lspconfig.mappings.server')
067.744  000.076  000.076: require('mason-core.EventEmitter')
067.801  000.053  000.053: require('mason-core.optional')
067.913  000.059  000.059: require('mason-core.async')
067.959  000.043  000.043: require('mason-core.async.uv')
067.965  000.161  000.059: require('mason-core.fs')
067.983  000.367  000.077: require('mason-registry')
068.034  000.049  000.049: require('mason-lspconfig.server_config_extensions')
068.099  000.063  000.063: require('lspconfig.server_configurations.omnisharp')
068.165  000.049  000.049: require('mason-lspconfig.ensure_installed')
068.279  000.051  000.051: require('mason-core.result')
068.489  000.106  000.106: require('mason-core.process')
068.608  000.117  000.117: require('mason-core.spawn')
068.612  000.281  000.058: require('mason-core.managers.powershell')
068.682  000.068  000.068: require('mason.version')
068.686  000.405  000.057: require('mason-core.fetch')
068.752  000.063  000.063: require('mason-core.providers')
068.984  000.099  000.099: require('mason-core.purl')
068.995  000.196  000.098: require('mason-core.package')
069.181  000.058  000.058: require('mason-core.installer.registry.expr')
069.190  000.128  000.070: require('mason-core.installer.registry.link')
069.596  000.069  000.069: require('mason-core.receipt')
069.619  000.229  000.160: require('mason-core.installer.context')
069.730  000.109  000.109: require('mason-core.async.control')
069.819  000.085  000.085: require('mason-core.installer.linker')
069.826  000.524  000.101: require('mason-core.installer')
069.844  000.602  000.078: require('mason-core.installer.managers.std')
069.846  000.654  000.053: require('mason-core.installer.registry.schemas')
069.931  000.083  000.083: require('mason-core.installer.registry.util')
069.948  000.952  000.086: require('mason-core.installer.registry')
069.951  001.197  000.049: require('mason-registry.sources.util')
069.962  001.791  000.074: require('mason-registry.sources.github')
075.394  000.059  000.059: require('mason-core.functional.number')
075.433  000.191  000.133: require('mason-lspconfig.api.command')
075.745  000.124  000.124: require('lspconfig')
075.821  000.068  000.068: require('lspconfig.server_configurations.hls')
077.041  000.104  000.104: require('lspconfig.manager')
077.121  000.071  000.071: require('lspconfig.server_configurations.tsserver')
077.521  000.136  000.136: require('lspconfig.server_configurations.jdtls')
077.840  000.074  000.074: require('lspconfig.server_configurations.pyright')
078.135  000.061  000.061: require('lspconfig.server_configurations.jsonls')
078.506  000.157  000.157: require('lspconfig.server_configurations.eslint')
079.688  019.820  008.929: sourcing /home/zatthew/.config/nvim/after/plugin/lsp.lua
080.196  000.150  000.150: require('lualine_require')
080.593  000.745  000.596: require('lualine')
088.677  008.893  008.148: sourcing /home/zatthew/.config/nvim/after/plugin/lualine.lua
089.525  000.619  000.619: require('oil')
089.809  000.274  000.274: require('oil.config')
092.260  000.835  000.835: require('oil.constants')
092.294  001.063  000.228: require('oil.util')
092.848  000.403  000.403: require('editorconfig')
093.046  004.240  001.881: sourcing /home/zatthew/.config/nvim/after/plugin/oil.lua
095.138  001.905  001.905: require('telescope.builtin')
095.366  002.264  000.359: sourcing /home/zatthew/.config/nvim/after/plugin/telescope.lua
148.476  000.232  000.232: require('nvim-treesitter.highlight')
148.573  052.980  052.749: sourcing /home/zatthew/.config/nvim/after/plugin/treesitter.lua
148.928  000.096  000.096: sourcing /home/zatthew/.config/nvim/after/plugin/undotree.lua
149.725  000.089  000.089: require('which-key.util')
149.732  000.169  000.080: require('which-key.tree')
149.860  000.127  000.127: require('which-key.config')
149.867  000.443  000.147: require('which-key.keys')
149.873  000.829  000.386: require('which-key')
149.907  000.932  000.103: sourcing /home/zatthew/.config/nvim/after/plugin/which-key.lua
149.981  144.179  009.906: require('zatt.lazy')
150.343  000.359  000.359: require('zatt.remap')
150.704  000.357  000.357: require('zatt.set')
150.707  144.949  000.054: require('zatt')
150.709  144.977  000.029: sourcing /home/zatthew/.config/nvim/init.lua
150.719  001.615: sourcing vimrc file(s)
150.989  000.058  000.058: sourcing /usr/share/nvim/runtime/filetype.lua
151.692  000.113  000.113: sourcing /usr/share/nvim/runtime/syntax/synload.vim
151.848  000.779  000.666: sourcing /usr/share/nvim/runtime/syntax/syntax.vim
151.860  000.304: inits 3
154.661  002.801: reading ShaDa
155.043  000.131  000.131: require('oil.actions')
155.115  000.069  000.069: require('oil.layout')
155.118  000.325  000.125: require('oil.keymap_util')
155.272  000.152  000.152: require('oil.loading')
155.492  000.072  000.072: require('oil.cache')
156.934  001.041  001.041: require('nvim-web-devicons.icons-default')
157.054  001.449  000.408: require('nvim-web-devicons')
157.064  001.570  000.121: require('oil.columns')
157.399  000.331  000.331: require('oil.fs')
157.414  002.138  000.165: require('oil.view')
157.791  000.065  000.065: require('oil.adapters.files.permissions')
157.850  000.056  000.056: require('oil.adapters.files.trash')
157.885  000.461  000.340: require('oil.adapters.files')
160.129  000.099  000.099: require('luasnip.util.directed_graph')
160.193  000.060  000.060: require('luasnip.session.enqueueable_operations')
160.202  000.280  000.122: require('luasnip.loaders.from_lua')
160.678  000.046  000.046: require('luasnip.util.events')
160.689  000.146  000.099: require('luasnip.nodes.node')
160.786  000.095  000.095: require('luasnip.nodes.insertNode')
160.858  000.069  000.069: require('luasnip.nodes.textNode')
160.926  000.065  000.065: require('luasnip.util.mark')
160.982  000.053  000.053: require('luasnip.util.pattern_tokenizer')
161.029  000.045  000.045: require('luasnip.util.dict')
161.453  000.333  000.333: require('luasnip.util.jsregexp')
161.458  000.426  000.093: require('luasnip.nodes.util.trig_engines')
161.516  001.128  000.229: require('luasnip.nodes.snippet')
161.519  001.180  000.052: require('luasnip.nodes.duplicate')
161.522  001.232  000.052: require('luasnip.loaders.snippet_cache')
161.532  001.326  000.095: require('luasnip.loaders.from_snipmate')
161.747  000.112  000.112: require('luasnip.util.jsonc')
161.755  000.220  000.109: require('luasnip.loaders.from_vscode')
162.858  000.034  000.034: sourcing /home/zatthew/.local/share/nvim/lazy/oil.nvim/syntax/oil.vim
165.320  005.723: opening buffers
169.274  003.954: BufEnter autocommands
169.281  000.007: editing files in windows
169.454  000.130  000.130: require('which-key.plugins')
169.735  000.275  000.275: require('which-key.plugins.presets')
169.865  000.125  000.125: require('which-key.plugins.presets.misc')
170.105  000.225  000.225: require('which-key.plugins.spelling')
170.399  000.287  000.287: require('which-key.mappings')
170.515  000.066  000.066: require('which-key.plugins.registers')
171.439  000.078  000.078: require('which-key.plugins.marks')
172.828  000.096  000.096: require('which-key.colors')
184.717  014.153: VimEnter autocommands
184.794  000.078: UIEnter autocommands
184.797  000.003: before starting main loop
185.121  000.324: first screen update
185.124  000.003: --- NVIM STARTED ---


times in msec
 clock   self+sourced   self:  sourced script
 clock   elapsed:              other lines

000.009  000.009: --- NVIM STARTING ---
000.334  000.325: event init
000.463  000.129: early init
000.535  000.072: locale set
000.581  000.046: init first window
000.863  000.282: inits 1
000.871  000.008: window checked
000.935  000.064: parsing arguments
001.520  000.036  000.036: require('vim.shared')
001.595  000.036  000.036: require('vim.inspect')
001.642  000.036  000.036: require('vim._options')
001.644  000.120  000.048: require('vim._editor')
001.646  000.204  000.048: require('vim._init_packages')
001.647  000.509: init lua interpreter
002.841  001.194: expanding arguments
002.873  000.031: inits 2
003.208  000.335: init highlight
